# JRE version: OpenJDK Runtime Environment Temurin-17.0.12+7 (17.0.12+7) (build 17.0.12+7)
# Java VM: OpenJDK 64-Bit Server VM Temurin-17.0.12+7 (17.0.12+7, mixed mode, emulated-client, tiered, compressed oops, compressed class ptrs, g1 gc, windows-amd64)
GC Precious Log:
 CPUs: 8 total, 8 available
 Memory: 7859M
 Large Page Support: Disabled
 NUMA Support: Disabled
 Compressed Oops: Enabled (32-bit)
 Heap Region Size: 1M
 Heap Min Capacity: 8M
 Heap Initial Capacity: 124M
 Heap Max Capacity: 1G
 Pre-touch: Disabled
 Parallel Workers: 8
 Concurrent Workers: 2
 Concurrent Refinement Workers: 8
 Periodic GC: Disabled
Heap:
 garbage-first heap   total 75776K, used 28455K [0x00000000c0000000, 0x0000000100000000)
  region size 1024K, 1 young (1024K), 0 survivors (0K)
 Metaspace       used 49440K, committed 50112K, reserved 1114112K
  class space    used 6450K, committed 6720K, reserved 1048576K
GC Heap History (20 events):
Event: 3578.599 GC heap after
{Heap after GC invocations=353 (full 343):
 garbage-first heap   total 75776K, used 28455K [0x00000000c0000000, 0x0000000100000000)
  region size 1024K, 0 young (0K), 0 survivors (0K)
 Metaspace       used 49440K, committed 50112K, reserved 1114112K
  class space    used 6450K, committed 6720K, reserved 1048576K
}
Event: 3588.832 GC heap before
{Heap before GC invocations=353 (full 343):
 garbage-first heap   total 75776K, used 28455K [0x00000000c0000000, 0x0000000100000000)
  region size 1024K, 1 young (1024K), 0 survivors (0K)
 Metaspace       used 49440K, committed 50112K, reserved 1114112K
  class space    used 6450K, committed 6720K, reserved 1048576K
}
Event: 3588.869 GC heap after
{Heap after GC invocations=354 (full 344):
 garbage-first heap   total 75776K, used 28455K [0x00000000c0000000, 0x0000000100000000)
  region size 1024K, 0 young (0K), 0 survivors (0K)
 Metaspace       used 49440K, committed 50112K, reserved 1114112K
  class space    used 6450K, committed 6720K, reserved 1048576K
}
Event: 3599.019 GC heap before
{Heap before GC invocations=354 (full 344):
 garbage-first heap   total 75776K, used 28455K [0x00000000c0000000, 0x0000000100000000)
  region size 1024K, 1 young (1024K), 0 survivors (0K)
 Metaspace       used 49440K, committed 50112K, reserved 1114112K
  class space    used 6450K, committed 6720K, reserved 1048576K
}
Event: 3599.045 GC heap after
{Heap after GC invocations=355 (full 345):
 garbage-first heap   total 75776K, used 28455K [0x00000000c0000000, 0x0000000100000000)
  region size 1024K, 0 young (0K), 0 survivors (0K)
 Metaspace       used 49440K, committed 50112K, reserved 1114112K
  class space    used 6450K, committed 6720K, reserved 1048576K
}
Event: 3609.186 GC heap before
{Heap before GC invocations=355 (full 345):
 garbage-first heap   total 75776K, used 28455K [0x00000000c0000000, 0x0000000100000000)
  region size 1024K, 1 young (1024K), 0 survivors (0K)
 Metaspace       used 49440K, committed 50112K, reserved 1114112K
  class space    used 6450K, committed 6720K, reserved 1048576K
}
Event: 3609.218 GC heap after
{Heap after GC invocations=356 (full 346):
 garbage-first heap   total 75776K, used 28455K [0x00000000c0000000, 0x0000000100000000)
  region size 1024K, 0 young (0K), 0 survivors (0K)
 Metaspace       used 49440K, committed 50112K, reserved 1114112K
  class space    used 6450K, committed 6720K, reserved 1048576K
}
Event: 3619.409 GC heap before
{Heap before GC invocations=356 (full 346):
 garbage-first heap   total 75776K, used 28455K [0x00000000c0000000, 0x0000000100000000)
  region size 1024K, 1 young (1024K), 0 survivors (0K)
 Metaspace       used 49440K, committed 50112K, reserved 1114112K
  class space    used 6450K, committed 6720K, reserved 1048576K
}
Event: 3619.449 GC heap after
{Heap after GC invocations=357 (full 347):
 garbage-first heap   total 75776K, used 28455K [0x00000000c0000000, 0x0000000100000000)
  region size 1024K, 0 young (0K), 0 survivors (0K)
 Metaspace       used 49440K, committed 50112K, reserved 1114112K
  class space    used 6450K, committed 6720K, reserved 1048576K
}
Event: 3629.630 GC heap before
{Heap before GC invocations=357 (full 347):
 garbage-first heap   total 75776K, used 28455K [0x00000000c0000000, 0x0000000100000000)
  region size 1024K, 1 young (1024K), 0 survivors (0K)
 Metaspace       used 49440K, committed 50112K, reserved 1114112K
  class space    used 6450K, committed 6720K, reserved 1048576K
}
Event: 3629.672 GC heap after
{Heap after GC invocations=358 (full 348):
 garbage-first heap   total 75776K, used 28455K [0x00000000c0000000, 0x0000000100000000)
  region size 1024K, 0 young (0K), 0 survivors (0K)
 Metaspace       used 49440K, committed 50112K, reserved 1114112K
  class space    used 6450K, committed 6720K, reserved 1048576K
}
Event: 3639.824 GC heap before
{Heap before GC invocations=358 (full 348):
 garbage-first heap   total 75776K, used 28455K [0x00000000c0000000, 0x0000000100000000)
  region size 1024K, 1 young (1024K), 0 survivors (0K)
 Metaspace       used 49440K, committed 50112K, reserved 1114112K
  class space    used 6450K, committed 6720K, reserved 1048576K
}
Event: 3639.860 GC heap after
{Heap after GC invocations=359 (full 349):
 garbage-first heap   total 75776K, used 28455K [0x00000000c0000000, 0x0000000100000000)
  region size 1024K, 0 young (0K), 0 survivors (0K)
 Metaspace       used 49440K, committed 50112K, reserved 1114112K
  class space    used 6450K, committed 6720K, reserved 1048576K
}
Event: 3650.009 GC heap before
{Heap before GC invocations=359 (full 349):
 garbage-first heap   total 75776K, used 28455K [0x00000000c0000000, 0x0000000100000000)
  region size 1024K, 1 young (1024K), 0 survivors (0K)
 Metaspace       used 49440K, committed 50112K, reserved 1114112K
  class space    used 6450K, committed 6720K, reserved 1048576K
}
Event: 3650.039 GC heap after
{Heap after GC invocations=360 (full 350):
 garbage-first heap   total 75776K, used 28455K [0x00000000c0000000, 0x0000000100000000)
  region size 1024K, 0 young (0K), 0 survivors (0K)
 Metaspace       used 49440K, committed 50112K, reserved 1114112K
  class space    used 6450K, committed 6720K, reserved 1048576K
}
Event: 3660.216 GC heap before
{Heap before GC invocations=360 (full 350):
 garbage-first heap   total 75776K, used 28455K [0x00000000c0000000, 0x0000000100000000)
  region size 1024K, 1 young (1024K), 0 survivors (0K)
 Metaspace       used 49440K, committed 50112K, reserved 1114112K
  class space    used 6450K, committed 6720K, reserved 1048576K
}
Event: 3660.248 GC heap after
{Heap after GC invocations=361 (full 351):
 garbage-first heap   total 75776K, used 28455K [0x00000000c0000000, 0x0000000100000000)
  region size 1024K, 0 young (0K), 0 survivors (0K)
 Metaspace       used 49440K, committed 50112K, reserved 1114112K
  class space    used 6450K, committed 6720K, reserved 1048576K
}
Event: 3670.473 GC heap before
{Heap before GC invocations=361 (full 351):
 garbage-first heap   total 75776K, used 28455K [0x00000000c0000000, 0x0000000100000000)
  region size 1024K, 1 young (1024K), 0 survivors (0K)
 Metaspace       used 49440K, committed 50112K, reserved 1114112K
  class space    used 6450K, committed 6720K, reserved 1048576K
}
Event: 3670.511 GC heap after
{Heap after GC invocations=362 (full 352):
 garbage-first heap   total 75776K, used 28455K [0x00000000c0000000, 0x0000000100000000)
  region size 1024K, 0 young (0K), 0 survivors (0K)
 Metaspace       used 49440K, committed 50112K, reserved 1114112K
  class space    used 6450K, committed 6720K, reserved 1048576K
}
Event: 3680.572 GC heap before
{Heap before GC invocations=362 (full 352):
 garbage-first heap   total 75776K, used 28455K [0x00000000c0000000, 0x0000000100000000)
  region size 1024K, 1 young (1024K), 0 survivors (0K)
 Metaspace       used 49440K, committed 50112K, reserved 1114112K
  class space    used 6450K, committed 6720K, reserved 1048576K
}

