# JRE version: OpenJDK Runtime Environment Temurin-17.0.12+7 (17.0.12+7) (build 17.0.12+7)
# Java VM: OpenJDK 64-Bit Server VM Temurin-17.0.12+7 (17.0.12+7, mixed mode, emulated-client, tiered, compressed oops, compressed class ptrs, g1 gc, windows-amd64)
GC Precious Log:
 CPUs: 8 total, 8 available
 Memory: 7859M
 Large Page Support: Disabled
 NUMA Support: Disabled
 Compressed Oops: Enabled (32-bit)
 Heap Region Size: 1M
 Heap Min Capacity: 8M
 Heap Initial Capacity: 124M
 Heap Max Capacity: 1G
 Pre-touch: Disabled
 Parallel Workers: 8
 Concurrent Workers: 2
 Concurrent Refinement Workers: 8
 Periodic GC: Disabled
Heap:
 garbage-first heap   total 75776K, used 28849K [0x00000000c0000000, 0x0000000100000000)
  region size 1024K, 3 young (3072K), 3 survivors (3072K)
 Metaspace       used 35971K, committed 36288K, reserved 1114112K
  class space    used 4438K, committed 4608K, reserved 1048576K
GC Heap History (13 events):
Event: 0.584 GC heap before
{Heap before GC invocations=0 (full 0):
 garbage-first heap   total 126976K, used 28672K [0x00000000c0000000, 0x0000000100000000)
  region size 1024K, 23 young (23552K), 0 survivors (0K)
 Metaspace       used 8435K, committed 8576K, reserved 1114112K
  class space    used 958K, committed 1024K, reserved 1048576K
}
Event: 0.593 GC heap after
{Heap after GC invocations=1 (full 0):
 garbage-first heap   total 126976K, used 16178K [0x00000000c0000000, 0x0000000100000000)
  region size 1024K, 3 young (3072K), 3 survivors (3072K)
 Metaspace       used 8435K, committed 8576K, reserved 1114112K
  class space    used 958K, committed 1024K, reserved 1048576K
}
Event: 1.062 GC heap before
{Heap before GC invocations=1 (full 0):
 garbage-first heap   total 126976K, used 38706K [0x00000000c0000000, 0x0000000100000000)
  region size 1024K, 25 young (25600K), 3 survivors (3072K)
 Metaspace       used 15688K, committed 15936K, reserved 1114112K
  class space    used 1995K, committed 2112K, reserved 1048576K
}
Event: 1.070 GC heap after
{Heap after GC invocations=2 (full 0):
 garbage-first heap   total 126976K, used 18759K [0x00000000c0000000, 0x0000000100000000)
  region size 1024K, 3 young (3072K), 3 survivors (3072K)
 Metaspace       used 15688K, committed 15936K, reserved 1114112K
  class space    used 1995K, committed 2112K, reserved 1048576K
}
Event: 1.299 GC heap before
{Heap before GC invocations=2 (full 0):
 garbage-first heap   total 126976K, used 37191K [0x00000000c0000000, 0x0000000100000000)
  region size 1024K, 23 young (23552K), 3 survivors (3072K)
 Metaspace       used 21310K, committed 21504K, reserved 1114112K
  class space    used 2637K, committed 2752K, reserved 1048576K
}
Event: 1.303 GC heap after
{Heap after GC invocations=3 (full 0):
 garbage-first heap   total 126976K, used 20953K [0x00000000c0000000, 0x0000000100000000)
  region size 1024K, 5 young (5120K), 5 survivors (5120K)
 Metaspace       used 21310K, committed 21504K, reserved 1114112K
  class space    used 2637K, committed 2752K, reserved 1048576K
}
Event: 1.685 GC heap before
{Heap before GC invocations=4 (full 0):
 garbage-first heap   total 75776K, used 54745K [0x00000000c0000000, 0x0000000100000000)
  region size 1024K, 40 young (40960K), 5 survivors (5120K)
 Metaspace       used 28034K, committed 28352K, reserved 1114112K
  class space    used 3494K, committed 3648K, reserved 1048576K
}
Event: 1.700 GC heap after
{Heap after GC invocations=5 (full 0):
 garbage-first heap   total 75776K, used 23824K [0x00000000c0000000, 0x0000000100000000)
  region size 1024K, 6 young (6144K), 6 survivors (6144K)
 Metaspace       used 28034K, committed 28352K, reserved 1114112K
  class space    used 3494K, committed 3648K, reserved 1048576K
}
Event: 1.717 GC heap before
{Heap before GC invocations=5 (full 0):
 garbage-first heap   total 75776K, used 24848K [0x00000000c0000000, 0x0000000100000000)
  region size 1024K, 7 young (7168K), 6 survivors (6144K)
 Metaspace       used 28175K, committed 28480K, reserved 1114112K
  class space    used 3508K, committed 3648K, reserved 1048576K
}
Event: 1.727 GC heap after
{Heap after GC invocations=6 (full 0):
 garbage-first heap   total 75776K, used 24525K [0x00000000c0000000, 0x0000000100000000)
  region size 1024K, 1 young (1024K), 1 survivors (1024K)
 Metaspace       used 28175K, committed 28480K, reserved 1114112K
  class space    used 3508K, committed 3648K, reserved 1048576K
}
Event: 2.291 GC heap before
{Heap before GC invocations=6 (full 0):
 garbage-first heap   total 75776K, used 49101K [0x00000000c0000000, 0x0000000100000000)
  region size 1024K, 26 young (26624K), 1 survivors (1024K)
 Metaspace       used 32822K, committed 33216K, reserved 1114112K
  class space    used 4185K, committed 4352K, reserved 1048576K
}
Event: 2.299 GC heap after
{Heap after GC invocations=7 (full 0):
 garbage-first heap   total 75776K, used 26881K [0x00000000c0000000, 0x0000000100000000)
  region size 1024K, 4 young (4096K), 4 survivors (4096K)
 Metaspace       used 32822K, committed 33216K, reserved 1114112K
  class space    used 4185K, committed 4352K, reserved 1048576K
}
Event: 2.518 GC heap before
{Heap before GC invocations=7 (full 0):
 garbage-first heap   total 75776K, used 47361K [0x00000000c0000000, 0x0000000100000000)
  region size 1024K, 24 young (24576K), 4 survivors (4096K)
 Metaspace       used 35971K, committed 36288K, reserved 1114112K
  class space    used 4438K, committed 4608K, reserved 1048576K
}

