# JRE version: OpenJDK Runtime Environment Temurin-17.0.12+7 (17.0.12+7) (build 17.0.12+7)
# Java VM: OpenJDK 64-Bit Server VM Temurin-17.0.12+7 (17.0.12+7, mixed mode, emulated-client, tiered, compressed oops, compressed class ptrs, g1 gc, windows-amd64)
GC Precious Log:
 CPUs: 8 total, 8 available
 Memory: 7859M
 Large Page Support: Disabled
 NUMA Support: Disabled
 Compressed Oops: Enabled (32-bit)
 Heap Region Size: 1M
 Heap Min Capacity: 8M
 Heap Initial Capacity: 124M
 Heap Max Capacity: 1G
 Pre-touch: Disabled
 Parallel Workers: 8
 Concurrent Workers: 2
 Concurrent Refinement Workers: 8
 Periodic GC: Disabled
Heap:
 garbage-first heap   total 81920K, used 31735K [0x00000000c0000000, 0x0000000100000000)
  region size 1024K, 1 young (1024K), 0 survivors (0K)
 Metaspace       used 59423K, committed 60224K, reserved 1114112K
  class space    used 7448K, committed 7744K, reserved 1048576K
GC Heap History (20 events):
Event: 14.719 GC heap after
{Heap after GC invocations=11 (full 0):
 garbage-first heap   total 81920K, used 41374K [0x00000000c0000000, 0x0000000100000000)
  region size 1024K, 4 young (4096K), 4 survivors (4096K)
 Metaspace       used 50116K, committed 50560K, reserved 1114112K
  class space    used 6264K, committed 6464K, reserved 1048576K
}
Event: 15.938 GC heap before
{Heap before GC invocations=11 (full 0):
 garbage-first heap   total 81920K, used 60830K [0x00000000c0000000, 0x0000000100000000)
  region size 1024K, 23 young (23552K), 4 survivors (4096K)
 Metaspace       used 55032K, committed 55488K, reserved 1114112K
  class space    used 6891K, committed 7104K, reserved 1048576K
}
Event: 15.946 GC heap after
{Heap after GC invocations=12 (full 0):
 garbage-first heap   total 81920K, used 42856K [0x00000000c0000000, 0x0000000100000000)
  region size 1024K, 2 young (2048K), 2 survivors (2048K)
 Metaspace       used 55032K, committed 55488K, reserved 1114112K
  class space    used 6891K, committed 7104K, reserved 1048576K
}
Event: 16.983 GC heap before
{Heap before GC invocations=13 (full 0):
 garbage-first heap   total 81920K, used 62312K [0x00000000c0000000, 0x0000000100000000)
  region size 1024K, 21 young (21504K), 2 survivors (2048K)
 Metaspace       used 56684K, committed 57152K, reserved 1114112K
  class space    used 7110K, committed 7360K, reserved 1048576K
}
Event: 16.989 GC heap after
{Heap after GC invocations=14 (full 0):
 garbage-first heap   total 81920K, used 44289K [0x00000000c0000000, 0x0000000100000000)
  region size 1024K, 3 young (3072K), 3 survivors (3072K)
 Metaspace       used 56684K, committed 57152K, reserved 1114112K
  class space    used 7110K, committed 7360K, reserved 1048576K
}
Event: 17.865 GC heap before
{Heap before GC invocations=14 (full 0):
 garbage-first heap   total 81920K, used 62721K [0x00000000c0000000, 0x0000000100000000)
  region size 1024K, 22 young (22528K), 3 survivors (3072K)
 Metaspace       used 59023K, committed 59520K, reserved 1114112K
  class space    used 7388K, committed 7616K, reserved 1048576K
}
Event: 17.872 GC heap after
{Heap after GC invocations=15 (full 0):
 garbage-first heap   total 81920K, used 45917K [0x00000000c0000000, 0x0000000100000000)
  region size 1024K, 3 young (3072K), 3 survivors (3072K)
 Metaspace       used 59023K, committed 59520K, reserved 1114112K
  class space    used 7388K, committed 7616K, reserved 1048576K
}
Event: 61.393 GC heap before
{Heap before GC invocations=16 (full 0):
 garbage-first heap   total 81920K, used 61277K [0x00000000c0000000, 0x0000000100000000)
  region size 1024K, 19 young (19456K), 3 survivors (3072K)
 Metaspace       used 59686K, committed 60224K, reserved 1114112K
  class space    used 7509K, committed 7744K, reserved 1048576K
}
Event: 61.487 GC heap after
{Heap after GC invocations=17 (full 1):
 garbage-first heap   total 81920K, used 41744K [0x00000000c0000000, 0x0000000100000000)
  region size 1024K, 0 young (0K), 0 survivors (0K)
 Metaspace       used 59686K, committed 60224K, reserved 1114112K
  class space    used 7509K, committed 7744K, reserved 1048576K
}
Event: 71.761 GC heap before
{Heap before GC invocations=17 (full 1):
 garbage-first heap   total 81920K, used 41744K [0x00000000c0000000, 0x0000000100000000)
  region size 1024K, 1 young (1024K), 0 survivors (0K)
 Metaspace       used 59686K, committed 60224K, reserved 1114112K
  class space    used 7509K, committed 7744K, reserved 1048576K
}
Event: 71.986 GC heap after
{Heap after GC invocations=18 (full 2):
 garbage-first heap   total 81920K, used 31735K [0x00000000c0000000, 0x0000000100000000)
  region size 1024K, 0 young (0K), 0 survivors (0K)
 Metaspace       used 59423K, committed 60224K, reserved 1114112K
  class space    used 7448K, committed 7744K, reserved 1048576K
}
Event: 82.322 GC heap before
{Heap before GC invocations=18 (full 2):
 garbage-first heap   total 81920K, used 31735K [0x00000000c0000000, 0x0000000100000000)
  region size 1024K, 1 young (1024K), 0 survivors (0K)
 Metaspace       used 59423K, committed 60224K, reserved 1114112K
  class space    used 7448K, committed 7744K, reserved 1048576K
}
Event: 82.369 GC heap after
{Heap after GC invocations=19 (full 3):
 garbage-first heap   total 81920K, used 31735K [0x00000000c0000000, 0x0000000100000000)
  region size 1024K, 0 young (0K), 0 survivors (0K)
 Metaspace       used 59423K, committed 60224K, reserved 1114112K
  class space    used 7448K, committed 7744K, reserved 1048576K
}
Event: 92.616 GC heap before
{Heap before GC invocations=19 (full 3):
 garbage-first heap   total 81920K, used 31735K [0x00000000c0000000, 0x0000000100000000)
  region size 1024K, 1 young (1024K), 0 survivors (0K)
 Metaspace       used 59423K, committed 60224K, reserved 1114112K
  class space    used 7448K, committed 7744K, reserved 1048576K
}
Event: 92.659 GC heap after
{Heap after GC invocations=20 (full 4):
 garbage-first heap   total 81920K, used 31735K [0x00000000c0000000, 0x0000000100000000)
  region size 1024K, 0 young (0K), 0 survivors (0K)
 Metaspace       used 59423K, committed 60224K, reserved 1114112K
  class space    used 7448K, committed 7744K, reserved 1048576K
}
Event: 102.842 GC heap before
{Heap before GC invocations=20 (full 4):
 garbage-first heap   total 81920K, used 31735K [0x00000000c0000000, 0x0000000100000000)
  region size 1024K, 1 young (1024K), 0 survivors (0K)
 Metaspace       used 59423K, committed 60224K, reserved 1114112K
  class space    used 7448K, committed 7744K, reserved 1048576K
}
Event: 102.876 GC heap after
{Heap after GC invocations=21 (full 5):
 garbage-first heap   total 81920K, used 31735K [0x00000000c0000000, 0x0000000100000000)
  region size 1024K, 0 young (0K), 0 survivors (0K)
 Metaspace       used 59423K, committed 60224K, reserved 1114112K
  class space    used 7448K, committed 7744K, reserved 1048576K
}
Event: 113.040 GC heap before
{Heap before GC invocations=21 (full 5):
 garbage-first heap   total 81920K, used 31735K [0x00000000c0000000, 0x0000000100000000)
  region size 1024K, 1 young (1024K), 0 survivors (0K)
 Metaspace       used 59423K, committed 60224K, reserved 1114112K
  class space    used 7448K, committed 7744K, reserved 1048576K
}
Event: 113.067 GC heap after
{Heap after GC invocations=22 (full 6):
 garbage-first heap   total 81920K, used 31735K [0x00000000c0000000, 0x0000000100000000)
  region size 1024K, 0 young (0K), 0 survivors (0K)
 Metaspace       used 59423K, committed 60224K, reserved 1114112K
  class space    used 7448K, committed 7744K, reserved 1048576K
}
Event: 123.134 GC heap before
{Heap before GC invocations=22 (full 6):
 garbage-first heap   total 81920K, used 31735K [0x00000000c0000000, 0x0000000100000000)
  region size 1024K, 1 young (1024K), 0 survivors (0K)
 Metaspace       used 59423K, committed 60224K, reserved 1114112K
  class space    used 7448K, committed 7744K, reserved 1048576K
}

