# JRE version: OpenJDK Runtime Environment Temurin-17.0.12+7 (17.0.12+7) (build 17.0.12+7)
# Java VM: OpenJDK 64-Bit Server VM Temurin-17.0.12+7 (17.0.12+7, mixed mode, emulated-client, tiered, compressed oops, compressed class ptrs, g1 gc, windows-amd64)
GC Precious Log:
 CPUs: 8 total, 8 available
 Memory: 7859M
 Large Page Support: Disabled
 NUMA Support: Disabled
 Compressed Oops: Enabled (32-bit)
 Heap Region Size: 1M
 Heap Min Capacity: 8M
 Heap Initial Capacity: 124M
 Heap Max Capacity: 1G
 Pre-touch: Disabled
 Parallel Workers: 8
 Concurrent Workers: 2
 Concurrent Refinement Workers: 8
 Periodic GC: Disabled
Heap:
 garbage-first heap   total 75776K, used 28921K [0x00000000c0000000, 0x0000000100000000)
  region size 1024K, 1 young (1024K), 0 survivors (0K)
 Metaspace       used 40298K, committed 40704K, reserved 1114112K
  class space    used 5107K, committed 5312K, reserved 1048576K
GC Heap History (15 events):
Event: 0.452 GC heap before
{Heap before GC invocations=0 (full 0):
 garbage-first heap   total 126976K, used 28672K [0x00000000c0000000, 0x0000000100000000)
  region size 1024K, 23 young (23552K), 0 survivors (0K)
 Metaspace       used 8419K, committed 8576K, reserved 1114112K
  class space    used 955K, committed 1024K, reserved 1048576K
}
Event: 0.458 GC heap after
{Heap after GC invocations=1 (full 0):
 garbage-first heap   total 126976K, used 16166K [0x00000000c0000000, 0x0000000100000000)
  region size 1024K, 3 young (3072K), 3 survivors (3072K)
 Metaspace       used 8419K, committed 8576K, reserved 1114112K
  class space    used 955K, committed 1024K, reserved 1048576K
}
Event: 0.895 GC heap before
{Heap before GC invocations=1 (full 0):
 garbage-first heap   total 126976K, used 38694K [0x00000000c0000000, 0x0000000100000000)
  region size 1024K, 25 young (25600K), 3 survivors (3072K)
 Metaspace       used 15627K, committed 15872K, reserved 1114112K
  class space    used 1989K, committed 2112K, reserved 1048576K
}
Event: 0.903 GC heap after
{Heap after GC invocations=2 (full 0):
 garbage-first heap   total 126976K, used 18764K [0x00000000c0000000, 0x0000000100000000)
  region size 1024K, 3 young (3072K), 3 survivors (3072K)
 Metaspace       used 15627K, committed 15872K, reserved 1114112K
  class space    used 1989K, committed 2112K, reserved 1048576K
}
Event: 1.101 GC heap before
{Heap before GC invocations=2 (full 0):
 garbage-first heap   total 126976K, used 37196K [0x00000000c0000000, 0x0000000100000000)
  region size 1024K, 23 young (23552K), 3 survivors (3072K)
 Metaspace       used 21299K, committed 21504K, reserved 1114112K
  class space    used 2643K, committed 2752K, reserved 1048576K
}
Event: 1.106 GC heap after
{Heap after GC invocations=3 (full 0):
 garbage-first heap   total 126976K, used 20982K [0x00000000c0000000, 0x0000000100000000)
  region size 1024K, 5 young (5120K), 5 survivors (5120K)
 Metaspace       used 21299K, committed 21504K, reserved 1114112K
  class space    used 2643K, committed 2752K, reserved 1048576K
}
Event: 1.879 GC heap before
{Heap before GC invocations=4 (full 0):
 garbage-first heap   total 75776K, used 53750K [0x00000000c0000000, 0x0000000100000000)
  region size 1024K, 39 young (39936K), 5 survivors (5120K)
 Metaspace       used 27852K, committed 28096K, reserved 1114112K
  class space    used 3480K, committed 3584K, reserved 1048576K
}
Event: 1.895 GC heap after
{Heap after GC invocations=5 (full 0):
 garbage-first heap   total 75776K, used 24048K [0x00000000c0000000, 0x0000000100000000)
  region size 1024K, 6 young (6144K), 6 survivors (6144K)
 Metaspace       used 27852K, committed 28096K, reserved 1114112K
  class space    used 3480K, committed 3584K, reserved 1048576K
}
Event: 2.979 GC heap before
{Heap before GC invocations=5 (full 0):
 garbage-first heap   total 75776K, used 48624K [0x00000000c0000000, 0x0000000100000000)
  region size 1024K, 31 young (31744K), 6 survivors (6144K)
 Metaspace       used 32826K, committed 33216K, reserved 1114112K
  class space    used 4189K, committed 4352K, reserved 1048576K
}
Event: 2.999 GC heap after
{Heap after GC invocations=6 (full 0):
 garbage-first heap   total 75776K, used 26173K [0x00000000c0000000, 0x0000000100000000)
  region size 1024K, 3 young (3072K), 3 survivors (3072K)
 Metaspace       used 32826K, committed 33216K, reserved 1114112K
  class space    used 4189K, committed 4352K, reserved 1048576K
}
Event: 3.437 GC heap before
{Heap before GC invocations=6 (full 0):
 garbage-first heap   total 75776K, used 48701K [0x00000000c0000000, 0x0000000100000000)
  region size 1024K, 25 young (25600K), 3 survivors (3072K)
 Metaspace       used 35972K, committed 36288K, reserved 1114112K
  class space    used 4440K, committed 4608K, reserved 1048576K
}
Event: 3.453 GC heap after
{Heap after GC invocations=7 (full 0):
 garbage-first heap   total 75776K, used 29243K [0x00000000c0000000, 0x0000000100000000)
  region size 1024K, 4 young (4096K), 4 survivors (4096K)
 Metaspace       used 35972K, committed 36288K, reserved 1114112K
  class space    used 4440K, committed 4608K, reserved 1048576K
}
Event: 43.994 GC heap before
{Heap before GC invocations=8 (full 0):
 garbage-first heap   total 75776K, used 48699K [0x00000000c0000000, 0x0000000100000000)
  region size 1024K, 25 young (25600K), 4 survivors (4096K)
 Metaspace       used 40298K, committed 40704K, reserved 1114112K
  class space    used 5107K, committed 5312K, reserved 1048576K
}
Event: 44.031 GC heap after
{Heap after GC invocations=9 (full 1):
 garbage-first heap   total 75776K, used 28921K [0x00000000c0000000, 0x0000000100000000)
  region size 1024K, 0 young (0K), 0 survivors (0K)
 Metaspace       used 40298K, committed 40704K, reserved 1114112K
  class space    used 5107K, committed 5312K, reserved 1048576K
}
Event: 54.069 GC heap before
{Heap before GC invocations=9 (full 1):
 garbage-first heap   total 75776K, used 28921K [0x00000000c0000000, 0x0000000100000000)
  region size 1024K, 1 young (1024K), 0 survivors (0K)
 Metaspace       used 40298K, committed 40704K, reserved 1114112K
  class space    used 5107K, committed 5312K, reserved 1048576K
}

